<?xml version="1.0" encoding="UTF-8"?>
<testng-results ignored="0" total="1" passed="1" failed="0" skipped="0">
  <reporter-output>
  </reporter-output>
  <suite started-at="2022-01-22T00:26:52 PST" name="Suite" finished-at="2022-01-22T00:27:21 PST" duration-ms="29625">
    <groups>
    </groups>
    <test started-at="2022-01-22T00:26:52 PST" name="Test1" finished-at="2022-01-22T00:27:21 PST" duration-ms="29625">
      <class name="mavenforjenkins.UITest">
        <test-method signature="startBrowser(java.lang.String)[pri:0, instance:mavenforjenkins.UITest@7b02881e]" started-at="2022-01-22T00:26:52 PST" name="startBrowser" finished-at="2022-01-22T00:27:21 PST" duration-ms="29502" status="PASS">
          <params>
            <param index="0">
              <value>
                <![CDATA[Chrome]]>
              </value>
            </param>
          </params>
          <reporter-output>
          </reporter-output>
        </test-method> <!-- startBrowser -->
      </class> <!-- mavenforjenkins.UITest -->
    </test> <!-- Test1 -->
  </suite> <!-- Suite -->
</testng-results>
